<?xml version="1.0" encoding="UTF-8"?>
<!-- Generated by org.testng.reporters.JUnitXMLReporter -->
<testsuite ignored="0" hostname="Rupalis-MacBook-Pro.local" failures="0" tests="3" name="TelaDoc Challenge Test Cases" time="10.133" errors="0" timestamp="2021-11-20T22:01:15 PST">
  <testcase classname="com.teladoc.qa.testcases.UserTest" name="addUserTest" time="1.003"/>
  <testcase classname="com.teladoc.qa.testcases.UserTest" name="verifyAddedUserTest" time="0.129"/>
  <testcase classname="com.teladoc.qa.testcases.UserTest" name="verifyDeleteUserTest" time="0.172"/>
</testsuite> <!-- TelaDoc Challenge Test Cases -->
