<?xml version="1.0" encoding="UTF-8"?>
<!-- Generated by org.testng.reporters.JUnitXMLReporter -->
<testsuite ignored="0" hostname="Rupalis-MacBook-Pro.local" failures="0" tests="3" name="Command line test" time="14.311" errors="0" timestamp="2021-11-20T23:15:00 PST">
  <testcase classname="com.teladoc.qa.testcases.UserTest" name="addUserTest" time="0.804"/>
  <testcase classname="com.teladoc.qa.testcases.UserTest" name="verifyAddedUserTest" time="0.106"/>
  <testcase classname="com.teladoc.qa.testcases.UserTest" name="verifyDeleteUserTest" time="0.29"/>
</testsuite> <!-- Command line test -->
