<?xml version="1.0" encoding="UTF-8"?>
<!-- Generated by org.testng.reporters.JUnitXMLReporter -->
<testsuite ignored="0" hostname="Rupalis-MacBook-Pro.local" failures="0" tests="3" name="Command line test" time="9.219" errors="0" timestamp="2021-11-20T22:40:57 PST">
  <testcase classname="com.teladoc.qa.testcases.UserTest" name="addUserTest" time="0.924"/>
  <testcase classname="com.teladoc.qa.testcases.UserTest" name="verifyAddedUserTest" time="0.108"/>
  <testcase classname="com.teladoc.qa.testcases.UserTest" name="verifyDeleteUserTest" time="0.162"/>
</testsuite> <!-- Command line test -->
