<?xml version="1.0" encoding="UTF-8"?>
<!-- Generated by org.testng.reporters.JUnitXMLReporter -->
<testsuite ignored="0" hostname="Rupalis-MacBook-Pro.local" failures="0" tests="3" name="Default test" time="8.082" errors="0" timestamp="2021-11-21T21:09:20 PST">
  <testcase classname="com.teladoc.qa.testcases.UserTest" name="addUserTest" time="0.908"/>
  <testcase classname="com.teladoc.qa.testcases.UserTest" name="verifyAddedUserTest" time="0.107"/>
  <testcase classname="com.teladoc.qa.testcases.UserTest" name="verifyDeleteUserTest" time="0.158"/>
</testsuite> <!-- Default test -->
