<?xml version="1.0" encoding="UTF-8"?>
<testng-results ignored="0" total="3" passed="3" failed="0" skipped="0">
  <reporter-output>
  </reporter-output>
  <suite started-at="2021-11-20T22:00:16 PST" name="com.teladoc.qa.testcases.UserTest" finished-at="2021-11-20T22:00:26 PST" duration-ms="9813">
    <groups>
    </groups>
    <test started-at="2021-11-20T22:00:16 PST" name="Command line test" finished-at="2021-11-20T22:00:26 PST" duration-ms="9813">
      <class name="com.teladoc.qa.testcases.UserTest">
        <test-method is-config="true" signature="setUp()[pri:0, instance:com.teladoc.qa.testcases.UserTest@2a4fb17b]" started-at="2021-11-20T22:00:16 PST" name="setUp" finished-at="2021-11-20T22:00:24 PST" duration-ms="7782" status="PASS">
          <reporter-output>
          </reporter-output>
        </test-method> <!-- setUp -->
        <test-method signature="addUserTest(java.lang.String,java.lang.String,java.lang.String,java.lang.String,java.lang.String,java.lang.String,java.lang.String)[pri:1, instance:com.teladoc.qa.testcases.UserTest@2a4fb17b]" started-at="2021-11-20T22:00:24 PST" name="addUserTest" data-provider="getTestData" finished-at="2021-11-20T22:00:25 PST" duration-ms="959" status="PASS">
          <params>
            <param index="0">
              <value>
                <![CDATA[Shawn]]>
              </value>
            </param>
            <param index="1">
              <value>
                <![CDATA[Hyun]]>
              </value>
            </param>
            <param index="2">
              <value>
                <![CDATA[SampleTestUser]]>
              </value>
            </param>
            <param index="3">
              <value>
                <![CDATA[5#$#(&]]>
              </value>
            </param>
            <param index="4">
              <value>
                <![CDATA[Customer]]>
              </value>
            </param>
            <param index="5">
              <value>
                <![CDATA[testUser@bw.com]]>
              </value>
            </param>
            <param index="6">
              <value>
                <![CDATA[111222.0]]>
              </value>
            </param>
          </params>
          <reporter-output>
          </reporter-output>
        </test-method> <!-- addUserTest -->
        <test-method signature="verifyAddedUserTest()[pri:2, instance:com.teladoc.qa.testcases.UserTest@2a4fb17b]" started-at="2021-11-20T22:00:25 PST" name="verifyAddedUserTest" finished-at="2021-11-20T22:00:25 PST" duration-ms="110" status="PASS">
          <reporter-output>
          </reporter-output>
        </test-method> <!-- verifyAddedUserTest -->
        <test-method signature="verifyDeleteUserTest()[pri:3, instance:com.teladoc.qa.testcases.UserTest@2a4fb17b]" started-at="2021-11-20T22:00:25 PST" name="verifyDeleteUserTest" finished-at="2021-11-20T22:00:25 PST" duration-ms="158" status="PASS">
          <reporter-output>
          </reporter-output>
        </test-method> <!-- verifyDeleteUserTest -->
        <test-method is-config="true" signature="tearDown()[pri:0, instance:com.teladoc.qa.testcases.UserTest@2a4fb17b]" started-at="2021-11-20T22:00:25 PST" name="tearDown" finished-at="2021-11-20T22:00:26 PST" duration-ms="107" status="PASS">
          <reporter-output>
          </reporter-output>
        </test-method> <!-- tearDown -->
      </class> <!-- com.teladoc.qa.testcases.UserTest -->
    </test> <!-- Command line test -->
  </suite> <!-- com.teladoc.qa.testcases.UserTest -->
</testng-results>
